<?xml version="1.0" encoding="UTF-8"?>
<!-- Generated by org.testng.reporters.JUnitXMLReporter -->
<testsuite ignored="2" hostname="LAPTOP-TPV40OCO" failures="0" tests="1" name="Default test" time="14.193" errors="0" timestamp="2024-02-10T16:32:33 IST">
  <testcase classname="home.endToEndTest" name="endToend_001" time="6.939"/>
  <testcase classname="home.endToEndTest" name="endtoend_002" time="0.0">
    <ignored/>
  </testcase> <!-- endtoend_002 -->
  <testcase classname="home.endToEndTest" name="endtoend_003" time="0.0">
    <ignored/>
  </testcase> <!-- endtoend_003 -->
</testsuite> <!-- Default test -->
